<?xml version="1.0" encoding="UTF-8"?>
<!-- Generated by org.testng.reporters.JUnitReportReporter -->
<testsuite skipped="0" hostname="admins-MacBook-Pro-4.local" name="in.licious.test.HandlingActiveOrder" tests="1" failures="0" timestamp="22 Feb 2019 04:06:33 GMT" time="129.622" errors="0">
  <testcase name="testfishandseafood" time="129.622" classname="in.licious.test.HandlingActiveOrder"/>
</testsuite> <!-- in.licious.test.HandlingActiveOrder -->
