<?xml version="1.0" encoding="UTF-8"?>
<!-- Generated by org.testng.reporters.JUnitReportReporter -->
<testsuite skipped="0" hostname="admins-MBP-2" name="in.licious.test.FishandSeafoodCreditAndDebitCards" tests="1" failures="0" timestamp="28 Nov 2018 23:26:37 GMT" time="130.954" errors="0">
  <testcase name="testfishandseafood" time="130.954" classname="in.licious.test.FishandSeafoodCreditAndDebitCards"/>
</testsuite> <!-- in.licious.test.FishandSeafoodCreditAndDebitCards -->
