<?xml version="1.0" encoding="UTF-8"?>
<!-- Generated by org.testng.reporters.JUnitReportReporter -->
<testsuite skipped="0" hostname="PG019MNC-BLR" name="in.licious.test.Chicken" tests="1" failures="0" timestamp="04 Dec 2018 06:24:21 GMT" time="78.397" errors="0">
  <testcase name="testChicken" time="78.397" classname="in.licious.test.Chicken"/>
</testsuite> <!-- in.licious.test.Chicken -->
