<?xml version="1.0" encoding="UTF-8"?>
<!-- Generated by org.testng.reporters.JUnitReportReporter -->
<testsuite skipped="0" hostname="admins-MacBook-Pro-3.local" name="in.licious.test.FishandSeafoodCreditAndDebitCards" tests="1" failures="0" timestamp="03 Dec 2018 12:26:59 GMT" time="88.590" errors="0">
  <testcase name="testfishandseafood" time="88.590" classname="in.licious.test.FishandSeafoodCreditAndDebitCards"/>
</testsuite> <!-- in.licious.test.FishandSeafoodCreditAndDebitCards -->
