<?xml version="1.0" encoding="UTF-8"?>
<!-- Generated by org.testng.reporters.JUnitReportReporter -->
<testsuite skipped="0" hostname="admins-MacBook-Pro-4.local" name="in.licious.test.FishandSeafoodNetBanking" tests="1" failures="0" timestamp="29 Jan 2019 10:36:42 GMT" time="86.307" errors="0">
  <testcase name="testfishandseafood" time="86.307" classname="in.licious.test.FishandSeafoodNetBanking"/>
</testsuite> <!-- in.licious.test.FishandSeafoodNetBanking -->
