<?xml version="1.0" encoding="UTF-8"?>
<!-- Generated by org.testng.reporters.JUnitReportReporter -->
<testsuite skipped="0" hostname="admins-MacBook-Pro-4.local" name="in.licious.test.Payment_Type_NetBanking" tests="1" failures="0" timestamp="26 Feb 2019 03:44:19 GMT" time="138.517" errors="0">
  <testcase name="testPayment_Type_NetBanking" time="138.517" classname="in.licious.test.Payment_Type_NetBanking"/>
</testsuite> <!-- in.licious.test.Payment_Type_NetBanking -->
