<?xml version="1.0" encoding="UTF-8"?>
<!-- Generated by org.testng.reporters.JUnitReportReporter -->
<testsuite skipped="0" hostname="PG019MNC-BLR" name="in.licious.test.ColdCutsCOD" tests="1" failures="0" timestamp="04 Dec 2018 06:46:10 GMT" time="89.440" errors="0">
  <testcase name="testcoldcuts" time="89.440" classname="in.licious.test.ColdCutsCOD"/>
</testsuite> <!-- in.licious.test.ColdCutsCOD -->
