<?xml version="1.0" encoding="UTF-8"?>
<!-- Generated by org.testng.reporters.JUnitReportReporter -->
<testsuite skipped="0" hostname="admins-MacBook-Pro-4.local" name="in.licious.test.Payment_Type_COD" tests="1" failures="0" timestamp="26 Feb 2019 03:27:17 GMT" time="151.965" errors="0">
  <testcase name="testPayment_Type_COD" time="151.965" classname="in.licious.test.Payment_Type_COD"/>
</testsuite> <!-- in.licious.test.Payment_Type_COD -->
