<?xml version="1.0" encoding="UTF-8"?>
<!-- Generated by org.testng.reporters.JUnitReportReporter -->
<testsuite skipped="0" hostname="admins-MacBook-Pro-4.local" name="in.licious.test.FishandSeafoodPOD" tests="1" failures="0" timestamp="20 Feb 2019 12:03:13 GMT" time="71.931" errors="0">
  <testcase name="testfishandseafood" time="71.931" classname="in.licious.test.FishandSeafoodPOD"/>
</testsuite> <!-- in.licious.test.FishandSeafoodPOD -->
