<?xml version="1.0" encoding="UTF-8"?>
<!-- Generated by org.testng.reporters.JUnitReportReporter -->
<testsuite skipped="0" hostname="admins-MacBook-Pro-4.local" name="in.licious.test.FishandSeafoodCreditAndDebitCards" tests="1" failures="0" timestamp="04 Feb 2019 07:50:30 GMT" time="88.127" errors="0">
  <testcase name="testfishandseafood" time="88.127" classname="in.licious.test.FishandSeafoodCreditAndDebitCards"/>
</testsuite> <!-- in.licious.test.FishandSeafoodCreditAndDebitCards -->
