<?xml version="1.0" encoding="UTF-8"?>
<!-- Generated by org.testng.reporters.JUnitReportReporter -->
<testsuite skipped="0" hostname="admins-MacBook-Pro-4.local" name="in.licious.test.PaymentTypeUPI" tests="1" failures="0" timestamp="26 Feb 2019 03:31:36 GMT" time="123.580" errors="0">
  <testcase name="testPaymentTypeUPI" time="123.580" classname="in.licious.test.PaymentTypeUPI"/>
</testsuite> <!-- in.licious.test.PaymentTypeUPI -->
