<?xml version="1.0" encoding="UTF-8"?>
<!-- Generated by org.testng.reporters.JUnitReportReporter -->
<testsuite skipped="0" hostname="admins-MacBook-Pro-4.local" name="in.licious.test.Payment_Type_OtherWallets" tests="1" failures="0" timestamp="26 Feb 2019 03:34:18 GMT" time="113.140" errors="0">
  <testcase name="testPayment_Type_OtherWallets" time="113.140" classname="in.licious.test.Payment_Type_OtherWallets"/>
</testsuite> <!-- in.licious.test.Payment_Type_OtherWallets -->
