<?xml version="1.0" encoding="UTF-8"?>
<!-- Generated by org.testng.reporters.JUnitReportReporter -->
<testsuite skipped="0" hostname="admins-MacBook-Pro-4.local" name="in.licious.test.Payment_Type_CreditAndDebitCards" tests="1" failures="0" timestamp="23 Feb 2019 16:31:44 GMT" time="150.422" errors="0">
  <testcase name="testPayment_Type_CreditAndDebitCards" time="150.422" classname="in.licious.test.Payment_Type_CreditAndDebitCards"/>
</testsuite> <!-- in.licious.test.Payment_Type_CreditAndDebitCards -->
